<?xml version="1.0" encoding="UTF-8"?>
<testng-results skipped="0" failed="0" total="1" passed="1">
  <reporter-output>
  </reporter-output>
  <suite name="ViewabilityTest" duration-ms="67935" started-at="2015-09-07T09:56:59Z" finished-at="2015-09-07T09:58:07Z">
    <groups>
    </groups>
    <test name="Viewability" duration-ms="67935" started-at="2015-09-07T09:56:59Z" finished-at="2015-09-07T09:58:07Z">
      <class name="com.flipkart.android.POC">
        <test-method status="PASS" signature="setup()[pri:0, instance:com.flipkart.android.POC@5f2050f6]" name="setup" is-config="true" duration-ms="10004" started-at="2015-09-07T15:26:39Z" finished-at="2015-09-07T15:26:49Z">
          <reporter-output>
          </reporter-output>
        </test-method> <!-- setup -->
        <test-method status="PASS" signature="POC_setup()[pri:0, instance:com.flipkart.android.POC@5f2050f6]" name="POC_setup" is-config="true" duration-ms="10531" started-at="2015-09-07T15:26:49Z" depends-on-methods="com.flipkart.Drivers.BaseConfig.setup" finished-at="2015-09-07T15:26:59Z">
          <reporter-output>
          </reporter-output>
        </test-method> <!-- POC_setup -->
        <test-method status="PASS" signature="SearchForAd()[pri:0, instance:com.flipkart.android.POC@5f2050f6]" name="SearchForAd" duration-ms="67922" started-at="2015-09-07T15:26:59Z" finished-at="2015-09-07T15:28:07Z">
          <reporter-output>
          </reporter-output>
        </test-method> <!-- SearchForAd -->
      </class> <!-- com.flipkart.android.POC -->
    </test> <!-- Viewability -->
  </suite> <!-- ViewabilityTest -->
</testng-results>
