<?xml version="1.0" encoding="UTF-8"?>
<!-- Generated by org.testng.reporters.JUnitXMLReporter -->
<testsuite hostname="flipkarts-MacBook-Pro-2.local" name="Viewability" tests="7" failures="0" timestamp="3 Oct 2015 15:56:04 GMT" time="382.33" errors="0">
  <testcase name="SearchForAdAndRemoveAdFromScreen" time="42.271" classname="com.flipkart.android.POC"/>
  <testcase name="SearchForAdAndClickOnIt" time="64.606" classname="com.flipkart.android.POC"/>
  <testcase name="SearchForAdAndToggleToGenerateEvent" time="44.019" classname="com.flipkart.android.POC"/>
  <testcase name="SwipeOnADToProductEvent" time="47.212" classname="com.flipkart.android.POC"/>
  <testcase name="OpenDrawerViewToSeeAd" time="60.816" classname="com.flipkart.android.POC"/>
  <testcase name="PressBackButtonOnAds" time="76.168" classname="com.flipkart.android.POC"/>
  <testcase name="CheckForEventsWhenNoAdsAppear" time="47.205" classname="com.flipkart.android.POC"/>
</testsuite> <!-- Viewability -->
