<?xml version="1.0" encoding="UTF-8"?>
<!-- Generated by org.testng.reporters.JUnitReportReporter -->
<testsuite hostname="flipkarts-MacBook-Pro-2.local" name="com.flipkart.android.POC" tests="7" failures="0" timestamp="3 Oct 2015 15:36:46 GMT" time="393.816" errors="0">
  <testcase name="SwipeOnADToProductEvent" time="53.756" classname="com.flipkart.android.POC"/>
  <testcase name="SearchForAdAndRemoveAdFromScreen" time="34.474" classname="com.flipkart.android.POC"/>
  <testcase name="SearchForAdAndClickOnIt" time="51.015" classname="com.flipkart.android.POC"/>
  <testcase name="SearchForAdAndToggleToGenerateEvent" time="57.632" classname="com.flipkart.android.POC"/>
  <testcase name="CheckForEventsWhenNoAdsAppear" time="54.979" classname="com.flipkart.android.POC"/>
  <testcase name="OpenDrawerViewToSeeAd" time="61.116" classname="com.flipkart.android.POC"/>
  <testcase name="PressBackButtonOnAds" time="80.844" classname="com.flipkart.android.POC"/>
</testsuite> <!-- com.flipkart.android.POC -->
